{"/app/src/api/client.test.ts": {"path":"/app/src/api/client.test.ts","all":false,"statementMap":{"0":{"start":{"line":1,"column":0},"end":{"line":1,"column":62}},"1":{"start":{"line":2,"column":0},"end":{"line":2,"column":31}},"3":{"start":{"line":4,"column":0},"end":{"line":4,"column":52}},"4":{"start":{"line":5,"column":0},"end":{"line":5,"column":20}},"5":{"start":{"line":6,"column":0},"end":{"line":6,"column":38}},"6":{"start":{"line":7,"column":0},"end":{"line":7,"column":11}},"7":{"start":{"line":8,"column":0},"end":{"line":8,"column":84}},"8":{"start":{"line":9,"column":0},"end":{"line":9,"column":48}},"9":{"start":{"line":10,"column":0},"end":{"line":10,"column":48}},"10":{"start":{"line":11,"column":0},"end":{"line":11,"column":4}},"11":{"start":{"line":12,"column":0},"end":{"line":12,"column":62}},"12":{"start":{"line":13,"column":0},"end":{"line":13,"column":51}},"13":{"start":{"line":14,"column":0},"end":{"line":14,"column":1}},"15":{"start":{"line":16,"column":0},"end":{"line":16,"column":18}},"16":{"start":{"line":17,"column":0},"end":{"line":17,"column":24}},"17":{"start":{"line":18,"column":0},"end":{"line":18,"column":3}},"19":{"start":{"line":20,"column":0},"end":{"line":20,"column":29}},"20":{"start":{"line":21,"column":0},"end":{"line":21,"column":53}},"21":{"start":{"line":22,"column":0},"end":{"line":22,"column":49}},"22":{"start":{"line":23,"column":0},"end":{"line":23,"column":25}},"23":{"start":{"line":24,"column":0},"end":{"line":24,"column":49}},"24":{"start":{"line":25,"column":0},"end":{"line":25,"column":5}},"26":{"start":{"line":27,"column":0},"end":{"line":27,"column":45}},"27":{"start":{"line":28,"column":0},"end":{"line":28,"column":65}},"28":{"start":{"line":29,"column":0},"end":{"line":29,"column":24}},"29":{"start":{"line":30,"column":0},"end":{"line":30,"column":66}},"30":{"start":{"line":31,"column":0},"end":{"line":31,"column":5}},"32":{"start":{"line":33,"column":0},"end":{"line":33,"column":53}},"33":{"start":{"line":34,"column":0},"end":{"line":34,"column":19}},"34":{"start":{"line":35,"column":0},"end":{"line":35,"column":54}},"35":{"start":{"line":36,"column":0},"end":{"line":36,"column":5}},"37":{"start":{"line":38,"column":0},"end":{"line":38,"column":64}},"38":{"start":{"line":39,"column":0},"end":{"line":39,"column":45}},"39":{"start":{"line":40,"column":0},"end":{"line":40,"column":67}},"40":{"start":{"line":41,"column":0},"end":{"line":41,"column":57}},"41":{"start":{"line":42,"column":0},"end":{"line":42,"column":40}},"42":{"start":{"line":43,"column":0},"end":{"line":43,"column":39}},"43":{"start":{"line":44,"column":0},"end":{"line":44,"column":39}},"44":{"start":{"line":45,"column":0},"end":{"line":45,"column":5}},"46":{"start":{"line":47,"column":0},"end":{"line":47,"column":54}},"47":{"start":{"line":48,"column":0},"end":{"line":48,"column":45}},"48":{"start":{"line":49,"column":0},"end":{"line":49,"column":57}},"49":{"start":{"line":50,"column":0},"end":{"line":50,"column":57}},"50":{"start":{"line":51,"column":0},"end":{"line":51,"column":40}},"51":{"start":{"line":52,"column":0},"end":{"line":52,"column":40}},"52":{"start":{"line":53,"column":0},"end":{"line":53,"column":5}},"54":{"start":{"line":55,"column":0},"end":{"line":55,"column":39}},"55":{"start":{"line":56,"column":0},"end":{"line":56,"column":52}},"56":{"start":{"line":57,"column":0},"end":{"line":57,"column":45}},"57":{"start":{"line":58,"column":0},"end":{"line":58,"column":123}},"58":{"start":{"line":59,"column":0},"end":{"line":59,"column":5}},"60":{"start":{"line":61,"column":0},"end":{"line":61,"column":38}},"61":{"start":{"line":62,"column":0},"end":{"line":62,"column":52}},"62":{"start":{"line":63,"column":0},"end":{"line":63,"column":52}},"63":{"start":{"line":64,"column":0},"end":{"line":64,"column":124}},"64":{"start":{"line":65,"column":0},"end":{"line":65,"column":5}},"66":{"start":{"line":67,"column":0},"end":{"line":67,"column":58}},"67":{"start":{"line":68,"column":0},"end":{"line":68,"column":52}},"68":{"start":{"line":69,"column":0},"end":{"line":69,"column":55}},"69":{"start":{"line":70,"column":0},"end":{"line":70,"column":131}},"70":{"start":{"line":71,"column":0},"end":{"line":71,"column":5}},"72":{"start":{"line":73,"column":0},"end":{"line":73,"column":63}},"73":{"start":{"line":74,"column":0},"end":{"line":74,"column":19}},"74":{"start":{"line":75,"column":0},"end":{"line":75,"column":37}},"75":{"start":{"line":76,"column":0},"end":{"line":76,"column":5}},"77":{"start":{"line":78,"column":0},"end":{"line":78,"column":45}},"78":{"start":{"line":79,"column":0},"end":{"line":79,"column":45}},"79":{"start":{"line":80,"column":0},"end":{"line":80,"column":57}},"80":{"start":{"line":81,"column":0},"end":{"line":81,"column":128}},"81":{"start":{"line":82,"column":0},"end":{"line":82,"column":5}},"83":{"start":{"line":84,"column":0},"end":{"line":84,"column":50}},"84":{"start":{"line":85,"column":0},"end":{"line":85,"column":45}},"85":{"start":{"line":86,"column":0},"end":{"line":86,"column":42}},"86":{"start":{"line":87,"column":0},"end":{"line":87,"column":132}},"87":{"start":{"line":88,"column":0},"end":{"line":88,"column":5}},"89":{"start":{"line":90,"column":0},"end":{"line":90,"column":50}},"90":{"start":{"line":91,"column":0},"end":{"line":91,"column":45}},"91":{"start":{"line":92,"column":0},"end":{"line":92,"column":49}},"92":{"start":{"line":93,"column":0},"end":{"line":93,"column":131}},"93":{"start":{"line":94,"column":0},"end":{"line":94,"column":5}},"95":{"start":{"line":96,"column":0},"end":{"line":96,"column":56}},"96":{"start":{"line":97,"column":0},"end":{"line":97,"column":45}},"97":{"start":{"line":98,"column":0},"end":{"line":98,"column":33}},"98":{"start":{"line":99,"column":0},"end":{"line":99,"column":124}},"99":{"start":{"line":100,"column":0},"end":{"line":100,"column":5}},"101":{"start":{"line":102,"column":0},"end":{"line":102,"column":61}},"102":{"start":{"line":103,"column":0},"end":{"line":103,"column":45}},"103":{"start":{"line":104,"column":0},"end":{"line":104,"column":36}},"104":{"start":{"line":105,"column":0},"end":{"line":105,"column":126}},"105":{"start":{"line":106,"column":0},"end":{"line":106,"column":5}},"107":{"start":{"line":108,"column":0},"end":{"line":108,"column":52}},"108":{"start":{"line":109,"column":0},"end":{"line":109,"column":45}},"109":{"start":{"line":110,"column":0},"end":{"line":110,"column":58}},"110":{"start":{"line":111,"column":0},"end":{"line":111,"column":132}},"111":{"start":{"line":112,"column":0},"end":{"line":112,"column":5}},"112":{"start":{"line":113,"column":0},"end":{"line":113,"column":3}},"114":{"start":{"line":115,"column":0},"end":{"line":115,"column":34}},"115":{"start":{"line":116,"column":0},"end":{"line":116,"column":45}},"116":{"start":{"line":117,"column":0},"end":{"line":117,"column":23}},"117":{"start":{"line":118,"column":0},"end":{"line":118,"column":52}},"118":{"start":{"line":119,"column":0},"end":{"line":119,"column":5}},"120":{"start":{"line":121,"column":0},"end":{"line":121,"column":50}},"121":{"start":{"line":122,"column":0},"end":{"line":122,"column":30}},"122":{"start":{"line":123,"column":0},"end":{"line":123,"column":59}},"123":{"start":{"line":124,"column":0},"end":{"line":124,"column":5}},"125":{"start":{"line":126,"column":0},"end":{"line":126,"column":39}},"126":{"start":{"line":127,"column":0},"end":{"line":127,"column":52}},"127":{"start":{"line":128,"column":0},"end":{"line":128,"column":51}},"128":{"start":{"line":129,"column":0},"end":{"line":129,"column":128}},"129":{"start":{"line":130,"column":0},"end":{"line":130,"column":5}},"131":{"start":{"line":132,"column":0},"end":{"line":132,"column":38}},"132":{"start":{"line":133,"column":0},"end":{"line":133,"column":45}},"133":{"start":{"line":134,"column":0},"end":{"line":134,"column":52}},"134":{"start":{"line":135,"column":0},"end":{"line":135,"column":129}},"135":{"start":{"line":136,"column":0},"end":{"line":136,"column":5}},"137":{"start":{"line":138,"column":0},"end":{"line":138,"column":41}},"138":{"start":{"line":139,"column":0},"end":{"line":139,"column":19}},"139":{"start":{"line":140,"column":0},"end":{"line":140,"column":35}},"140":{"start":{"line":141,"column":0},"end":{"line":141,"column":5}},"142":{"start":{"line":143,"column":0},"end":{"line":143,"column":45}},"143":{"start":{"line":144,"column":0},"end":{"line":144,"column":23}},"144":{"start":{"line":145,"column":0},"end":{"line":145,"column":54}},"145":{"start":{"line":146,"column":0},"end":{"line":146,"column":5}},"147":{"start":{"line":148,"column":0},"end":{"line":148,"column":39}},"148":{"start":{"line":149,"column":0},"end":{"line":149,"column":45}},"149":{"start":{"line":150,"column":0},"end":{"line":150,"column":38}},"150":{"start":{"line":151,"column":0},"end":{"line":151,"column":124}},"151":{"start":{"line":152,"column":0},"end":{"line":152,"column":5}},"153":{"start":{"line":154,"column":0},"end":{"line":154,"column":44}},"154":{"start":{"line":155,"column":0},"end":{"line":155,"column":45}},"155":{"start":{"line":156,"column":0},"end":{"line":156,"column":41}},"156":{"start":{"line":157,"column":0},"end":{"line":157,"column":126}},"157":{"start":{"line":158,"column":0},"end":{"line":158,"column":5}},"159":{"start":{"line":160,"column":0},"end":{"line":160,"column":52}},"160":{"start":{"line":161,"column":0},"end":{"line":161,"column":45}},"161":{"start":{"line":162,"column":0},"end":{"line":162,"column":66}},"162":{"start":{"line":163,"column":0},"end":{"line":163,"column":132}},"163":{"start":{"line":164,"column":0},"end":{"line":164,"column":5}},"164":{"start":{"line":165,"column":0},"end":{"line":165,"column":3}},"166":{"start":{"line":167,"column":0},"end":{"line":167,"column":37}},"167":{"start":{"line":168,"column":0},"end":{"line":168,"column":46}},"168":{"start":{"line":169,"column":0},"end":{"line":169,"column":45}},"169":{"start":{"line":170,"column":0},"end":{"line":170,"column":35}},"170":{"start":{"line":171,"column":0},"end":{"line":171,"column":106}},"171":{"start":{"line":172,"column":0},"end":{"line":172,"column":5}},"173":{"start":{"line":174,"column":0},"end":{"line":174,"column":63}},"174":{"start":{"line":175,"column":0},"end":{"line":175,"column":45}},"175":{"start":{"line":176,"column":0},"end":{"line":176,"column":41}},"176":{"start":{"line":177,"column":0},"end":{"line":177,"column":57}},"177":{"start":{"line":178,"column":0},"end":{"line":178,"column":46}},"178":{"start":{"line":179,"column":0},"end":{"line":179,"column":5}},"180":{"start":{"line":181,"column":0},"end":{"line":181,"column":39}},"181":{"start":{"line":182,"column":0},"end":{"line":182,"column":45}},"182":{"start":{"line":183,"column":0},"end":{"line":183,"column":98}},"183":{"start":{"line":184,"column":0},"end":{"line":184,"column":132}},"184":{"start":{"line":185,"column":0},"end":{"line":185,"column":5}},"186":{"start":{"line":187,"column":0},"end":{"line":187,"column":38}},"187":{"start":{"line":188,"column":0},"end":{"line":188,"column":45}},"188":{"start":{"line":189,"column":0},"end":{"line":189,"column":59}},"189":{"start":{"line":190,"column":0},"end":{"line":190,"column":133}},"190":{"start":{"line":191,"column":0},"end":{"line":191,"column":5}},"192":{"start":{"line":193,"column":0},"end":{"line":193,"column":41}},"193":{"start":{"line":194,"column":0},"end":{"line":194,"column":19}},"194":{"start":{"line":195,"column":0},"end":{"line":195,"column":38}},"195":{"start":{"line":196,"column":0},"end":{"line":196,"column":5}},"197":{"start":{"line":198,"column":0},"end":{"line":198,"column":39}},"198":{"start":{"line":199,"column":0},"end":{"line":199,"column":41}},"199":{"start":{"line":200,"column":0},"end":{"line":200,"column":47}},"200":{"start":{"line":201,"column":0},"end":{"line":201,"column":124}},"201":{"start":{"line":202,"column":0},"end":{"line":202,"column":5}},"202":{"start":{"line":203,"column":0},"end":{"line":203,"column":3}},"204":{"start":{"line":205,"column":0},"end":{"line":205,"column":28}},"205":{"start":{"line":206,"column":0},"end":{"line":206,"column":45}},"206":{"start":{"line":207,"column":0},"end":{"line":207,"column":45}},"207":{"start":{"line":208,"column":0},"end":{"line":208,"column":26}},"208":{"start":{"line":209,"column":0},"end":{"line":209,"column":82}},"209":{"start":{"line":210,"column":0},"end":{"line":210,"column":5}},"211":{"start":{"line":212,"column":0},"end":{"line":212,"column":62}},"212":{"start":{"line":213,"column":0},"end":{"line":213,"column":45}},"213":{"start":{"line":214,"column":0},"end":{"line":214,"column":27}},"214":{"start":{"line":215,"column":0},"end":{"line":215,"column":80}},"215":{"start":{"line":216,"column":0},"end":{"line":216,"column":5}},"217":{"start":{"line":218,"column":0},"end":{"line":218,"column":39}},"218":{"start":{"line":219,"column":0},"end":{"line":219,"column":45}},"219":{"start":{"line":220,"column":0},"end":{"line":220,"column":73}},"220":{"start":{"line":221,"column":0},"end":{"line":221,"column":122}},"221":{"start":{"line":222,"column":0},"end":{"line":222,"column":5}},"223":{"start":{"line":224,"column":0},"end":{"line":224,"column":38}},"224":{"start":{"line":225,"column":0},"end":{"line":225,"column":45}},"225":{"start":{"line":226,"column":0},"end":{"line":226,"column":44}},"226":{"start":{"line":227,"column":0},"end":{"line":227,"column":123}},"227":{"start":{"line":228,"column":0},"end":{"line":228,"column":5}},"229":{"start":{"line":230,"column":0},"end":{"line":230,"column":41}},"230":{"start":{"line":231,"column":0},"end":{"line":231,"column":19}},"231":{"start":{"line":232,"column":0},"end":{"line":232,"column":29}},"232":{"start":{"line":233,"column":0},"end":{"line":233,"column":5}},"234":{"start":{"line":235,"column":0},"end":{"line":235,"column":39}},"235":{"start":{"line":236,"column":0},"end":{"line":236,"column":19}},"236":{"start":{"line":237,"column":0},"end":{"line":237,"column":35}},"237":{"start":{"line":238,"column":0},"end":{"line":238,"column":5}},"238":{"start":{"line":239,"column":0},"end":{"line":239,"column":3}},"240":{"start":{"line":241,"column":0},"end":{"line":241,"column":36}},"241":{"start":{"line":242,"column":0},"end":{"line":242,"column":46}},"242":{"start":{"line":243,"column":0},"end":{"line":243,"column":23}},"243":{"start":{"line":244,"column":0},"end":{"line":244,"column":54}},"244":{"start":{"line":245,"column":0},"end":{"line":245,"column":5}},"246":{"start":{"line":247,"column":0},"end":{"line":247,"column":63}},"247":{"start":{"line":248,"column":0},"end":{"line":248,"column":45}},"248":{"start":{"line":249,"column":0},"end":{"line":249,"column":45}},"249":{"start":{"line":250,"column":0},"end":{"line":250,"column":88}},"250":{"start":{"line":251,"column":0},"end":{"line":251,"column":5}},"252":{"start":{"line":253,"column":0},"end":{"line":253,"column":39}},"253":{"start":{"line":254,"column":0},"end":{"line":254,"column":45}},"254":{"start":{"line":255,"column":0},"end":{"line":255,"column":74}},"255":{"start":{"line":256,"column":0},"end":{"line":256,"column":142}},"256":{"start":{"line":257,"column":0},"end":{"line":257,"column":5}},"258":{"start":{"line":259,"column":0},"end":{"line":259,"column":38}},"259":{"start":{"line":260,"column":0},"end":{"line":260,"column":45}},"260":{"start":{"line":261,"column":0},"end":{"line":261,"column":63}},"261":{"start":{"line":262,"column":0},"end":{"line":262,"column":143}},"262":{"start":{"line":263,"column":0},"end":{"line":263,"column":5}},"264":{"start":{"line":265,"column":0},"end":{"line":265,"column":41}},"265":{"start":{"line":266,"column":0},"end":{"line":266,"column":19}},"266":{"start":{"line":267,"column":0},"end":{"line":267,"column":37}},"267":{"start":{"line":268,"column":0},"end":{"line":268,"column":5}},"269":{"start":{"line":270,"column":0},"end":{"line":270,"column":39}},"270":{"start":{"line":271,"column":0},"end":{"line":271,"column":19}},"271":{"start":{"line":272,"column":0},"end":{"line":272,"column":43}},"272":{"start":{"line":273,"column":0},"end":{"line":273,"column":5}},"273":{"start":{"line":274,"column":0},"end":{"line":274,"column":3}},"275":{"start":{"line":276,"column":0},"end":{"line":276,"column":31}},"276":{"start":{"line":277,"column":0},"end":{"line":277,"column":50}},"277":{"start":{"line":278,"column":0},"end":{"line":278,"column":93}},"278":{"start":{"line":279,"column":0},"end":{"line":279,"column":34}},"279":{"start":{"line":280,"column":0},"end":{"line":280,"column":132}},"280":{"start":{"line":281,"column":0},"end":{"line":281,"column":5}},"281":{"start":{"line":282,"column":0},"end":{"line":282,"column":3}},"283":{"start":{"line":284,"column":0},"end":{"line":284,"column":28}},"284":{"start":{"line":285,"column":0},"end":{"line":285,"column":39}},"285":{"start":{"line":286,"column":0},"end":{"line":286,"column":60}},"286":{"start":{"line":287,"column":0},"end":{"line":287,"column":41}},"287":{"start":{"line":288,"column":0},"end":{"line":288,"column":124}},"288":{"start":{"line":289,"column":0},"end":{"line":289,"column":5}},"289":{"start":{"line":290,"column":0},"end":{"line":290,"column":3}}},"s":{"0":1,"1":1,"3":44,"4":44,"5":44,"6":44,"7":44,"8":44,"9":44,"10":44,"11":44,"12":44,"13":44,"15":1,"16":44,"17":44,"19":1,"20":1,"21":1,"22":1,"23":1,"24":1,"26":1,"27":1,"28":1,"29":1,"30":1,"32":1,"33":1,"34":1,"35":1,"37":1,"38":1,"39":1,"40":1,"41":1,"42":1,"43":1,"44":1,"46":1,"47":1,"48":1,"49":1,"50":1,"51":1,"52":1,"54":1,"55":1,"56":1,"57":1,"58":1,"60":1,"61":1,"62":1,"63":1,"64":1,"66":1,"67":1,"68":1,"69":1,"70":1,"72":1,"73":1,"74":1,"75":1,"77":1,"78":1,"79":1,"80":1,"81":1,"83":1,"84":1,"85":1,"86":1,"87":1,"89":1,"90":1,"91":1,"92":1,"93":1,"95":1,"96":1,"97":1,"98":1,"99":1,"101":1,"102":1,"103":1,"104":1,"105":1,"107":1,"108":1,"109":1,"110":1,"111":1,"112":1,"114":1,"115":1,"116":1,"117":1,"118":1,"120":1,"121":1,"122":1,"123":1,"125":1,"126":1,"127":1,"128":1,"129":1,"131":1,"132":1,"133":1,"134":1,"135":1,"137":1,"138":1,"139":1,"140":1,"142":1,"143":1,"144":1,"145":1,"147":1,"148":1,"149":1,"150":1,"151":1,"153":1,"154":1,"155":1,"156":1,"157":1,"159":1,"160":1,"161":1,"162":1,"163":1,"164":1,"166":1,"167":1,"168":1,"169":1,"170":1,"171":1,"173":1,"174":1,"175":1,"176":1,"177":1,"178":1,"180":1,"181":1,"182":1,"183":1,"184":1,"186":1,"187":1,"188":1,"189":1,"190":1,"192":1,"193":1,"194":1,"195":1,"197":1,"198":1,"199":1,"200":1,"201":1,"202":1,"204":1,"205":1,"206":1,"207":1,"208":1,"209":1,"211":1,"212":1,"213":1,"214":1,"215":1,"217":1,"218":1,"219":1,"220":1,"221":1,"223":1,"224":1,"225":1,"226":1,"227":1,"229":1,"230":1,"231":1,"232":1,"234":1,"235":1,"236":1,"237":1,"238":1,"240":1,"241":1,"242":1,"243":1,"244":1,"246":1,"247":1,"248":1,"249":1,"250":1,"252":1,"253":1,"254":1,"255":1,"256":1,"258":1,"259":1,"260":1,"261":1,"262":1,"264":1,"265":1,"266":1,"267":1,"269":1,"270":1,"271":1,"272":1,"273":1,"275":1,"276":1,"277":1,"278":1,"279":1,"280":1,"281":1,"283":1,"284":1,"285":1,"286":1,"287":1,"288":1,"289":1},"branchMap":{"0":{"type":"branch","line":4,"loc":{"start":{"line":4,"column":0},"end":{"line":14,"column":1}},"locations":[{"start":{"line":4,"column":0},"end":{"line":14,"column":1}}]},"1":{"type":"branch","line":8,"loc":{"start":{"line":8,"column":27},"end":{"line":8,"column":47}},"locations":[{"start":{"line":8,"column":27},"end":{"line":8,"column":47}}]},"2":{"type":"branch","line":8,"loc":{"start":{"line":8,"column":33},"end":{"line":8,"column":84}},"locations":[{"start":{"line":8,"column":33},"end":{"line":8,"column":84}}]},"3":{"type":"branch","line":8,"loc":{"start":{"line":8,"column":58},"end":{"line":8,"column":79}},"locations":[{"start":{"line":8,"column":58},"end":{"line":8,"column":79}}]},"4":{"type":"branch","line":8,"loc":{"start":{"line":8,"column":64},"end":{"line":8,"column":84}},"locations":[{"start":{"line":8,"column":64},"end":{"line":8,"column":84}}]},"5":{"type":"branch","line":9,"loc":{"start":{"line":9,"column":36},"end":{"line":9,"column":46}},"locations":[{"start":{"line":9,"column":36},"end":{"line":9,"column":46}}]},"6":{"type":"branch","line":16,"loc":{"start":{"line":16,"column":11},"end":{"line":18,"column":3}},"locations":[{"start":{"line":16,"column":11},"end":{"line":18,"column":3}}]},"7":{"type":"branch","line":20,"loc":{"start":{"line":20,"column":22},"end":{"line":113,"column":3}},"locations":[{"start":{"line":20,"column":22},"end":{"line":113,"column":3}}]},"8":{"type":"branch","line":21,"loc":{"start":{"line":21,"column":40},"end":{"line":25,"column":3}},"locations":[{"start":{"line":21,"column":40},"end":{"line":25,"column":3}}]},"9":{"type":"branch","line":27,"loc":{"start":{"line":27,"column":32},"end":{"line":31,"column":3}},"locations":[{"start":{"line":27,"column":32},"end":{"line":31,"column":3}}]},"10":{"type":"branch","line":33,"loc":{"start":{"line":33,"column":40},"end":{"line":36,"column":3}},"locations":[{"start":{"line":33,"column":40},"end":{"line":36,"column":3}}]},"11":{"type":"branch","line":38,"loc":{"start":{"line":38,"column":51},"end":{"line":45,"column":3}},"locations":[{"start":{"line":38,"column":51},"end":{"line":45,"column":3}}]},"12":{"type":"branch","line":47,"loc":{"start":{"line":47,"column":41},"end":{"line":53,"column":3}},"locations":[{"start":{"line":47,"column":41},"end":{"line":53,"column":3}}]},"13":{"type":"branch","line":55,"loc":{"start":{"line":55,"column":26},"end":{"line":59,"column":3}},"locations":[{"start":{"line":55,"column":26},"end":{"line":59,"column":3}}]},"14":{"type":"branch","line":61,"loc":{"start":{"line":61,"column":25},"end":{"line":65,"column":3}},"locations":[{"start":{"line":61,"column":25},"end":{"line":65,"column":3}}]},"15":{"type":"branch","line":67,"loc":{"start":{"line":67,"column":45},"end":{"line":71,"column":3}},"locations":[{"start":{"line":67,"column":45},"end":{"line":71,"column":3}}]},"16":{"type":"branch","line":73,"loc":{"start":{"line":73,"column":50},"end":{"line":76,"column":3}},"locations":[{"start":{"line":73,"column":50},"end":{"line":76,"column":3}}]},"17":{"type":"branch","line":78,"loc":{"start":{"line":78,"column":32},"end":{"line":82,"column":3}},"locations":[{"start":{"line":78,"column":32},"end":{"line":82,"column":3}}]},"18":{"type":"branch","line":84,"loc":{"start":{"line":84,"column":37},"end":{"line":88,"column":3}},"locations":[{"start":{"line":84,"column":37},"end":{"line":88,"column":3}}]},"19":{"type":"branch","line":90,"loc":{"start":{"line":90,"column":37},"end":{"line":94,"column":3}},"locations":[{"start":{"line":90,"column":37},"end":{"line":94,"column":3}}]},"20":{"type":"branch","line":96,"loc":{"start":{"line":96,"column":43},"end":{"line":100,"column":3}},"locations":[{"start":{"line":96,"column":43},"end":{"line":100,"column":3}}]},"21":{"type":"branch","line":102,"loc":{"start":{"line":102,"column":48},"end":{"line":106,"column":3}},"locations":[{"start":{"line":102,"column":48},"end":{"line":106,"column":3}}]},"22":{"type":"branch","line":108,"loc":{"start":{"line":108,"column":39},"end":{"line":112,"column":3}},"locations":[{"start":{"line":108,"column":39},"end":{"line":112,"column":3}}]},"23":{"type":"branch","line":115,"loc":{"start":{"line":115,"column":27},"end":{"line":165,"column":3}},"locations":[{"start":{"line":115,"column":27},"end":{"line":165,"column":3}}]},"24":{"type":"branch","line":116,"loc":{"start":{"line":116,"column":32},"end":{"line":119,"column":3}},"locations":[{"start":{"line":116,"column":32},"end":{"line":119,"column":3}}]},"25":{"type":"branch","line":121,"loc":{"start":{"line":121,"column":37},"end":{"line":124,"column":3}},"locations":[{"start":{"line":121,"column":37},"end":{"line":124,"column":3}}]},"26":{"type":"branch","line":126,"loc":{"start":{"line":126,"column":26},"end":{"line":130,"column":3}},"locations":[{"start":{"line":126,"column":26},"end":{"line":130,"column":3}}]},"27":{"type":"branch","line":132,"loc":{"start":{"line":132,"column":25},"end":{"line":136,"column":3}},"locations":[{"start":{"line":132,"column":25},"end":{"line":136,"column":3}}]},"28":{"type":"branch","line":138,"loc":{"start":{"line":138,"column":28},"end":{"line":141,"column":3}},"locations":[{"start":{"line":138,"column":28},"end":{"line":141,"column":3}}]},"29":{"type":"branch","line":143,"loc":{"start":{"line":143,"column":32},"end":{"line":146,"column":3}},"locations":[{"start":{"line":143,"column":32},"end":{"line":146,"column":3}}]},"30":{"type":"branch","line":148,"loc":{"start":{"line":148,"column":26},"end":{"line":152,"column":3}},"locations":[{"start":{"line":148,"column":26},"end":{"line":152,"column":3}}]},"31":{"type":"branch","line":154,"loc":{"start":{"line":154,"column":31},"end":{"line":158,"column":3}},"locations":[{"start":{"line":154,"column":31},"end":{"line":158,"column":3}}]},"32":{"type":"branch","line":160,"loc":{"start":{"line":160,"column":39},"end":{"line":164,"column":3}},"locations":[{"start":{"line":160,"column":39},"end":{"line":164,"column":3}}]},"33":{"type":"branch","line":167,"loc":{"start":{"line":167,"column":30},"end":{"line":203,"column":3}},"locations":[{"start":{"line":167,"column":30},"end":{"line":203,"column":3}}]},"34":{"type":"branch","line":168,"loc":{"start":{"line":168,"column":33},"end":{"line":172,"column":3}},"locations":[{"start":{"line":168,"column":33},"end":{"line":172,"column":3}}]},"35":{"type":"branch","line":174,"loc":{"start":{"line":174,"column":50},"end":{"line":179,"column":3}},"locations":[{"start":{"line":174,"column":50},"end":{"line":179,"column":3}}]},"36":{"type":"branch","line":181,"loc":{"start":{"line":181,"column":26},"end":{"line":185,"column":3}},"locations":[{"start":{"line":181,"column":26},"end":{"line":185,"column":3}}]},"37":{"type":"branch","line":187,"loc":{"start":{"line":187,"column":25},"end":{"line":191,"column":3}},"locations":[{"start":{"line":187,"column":25},"end":{"line":191,"column":3}}]},"38":{"type":"branch","line":193,"loc":{"start":{"line":193,"column":28},"end":{"line":196,"column":3}},"locations":[{"start":{"line":193,"column":28},"end":{"line":196,"column":3}}]},"39":{"type":"branch","line":198,"loc":{"start":{"line":198,"column":26},"end":{"line":202,"column":3}},"locations":[{"start":{"line":198,"column":26},"end":{"line":202,"column":3}}]},"40":{"type":"branch","line":205,"loc":{"start":{"line":205,"column":21},"end":{"line":239,"column":3}},"locations":[{"start":{"line":205,"column":21},"end":{"line":239,"column":3}}]},"41":{"type":"branch","line":206,"loc":{"start":{"line":206,"column":32},"end":{"line":210,"column":3}},"locations":[{"start":{"line":206,"column":32},"end":{"line":210,"column":3}}]},"42":{"type":"branch","line":212,"loc":{"start":{"line":212,"column":49},"end":{"line":216,"column":3}},"locations":[{"start":{"line":212,"column":49},"end":{"line":216,"column":3}}]},"43":{"type":"branch","line":218,"loc":{"start":{"line":218,"column":26},"end":{"line":222,"column":3}},"locations":[{"start":{"line":218,"column":26},"end":{"line":222,"column":3}}]},"44":{"type":"branch","line":224,"loc":{"start":{"line":224,"column":25},"end":{"line":228,"column":3}},"locations":[{"start":{"line":224,"column":25},"end":{"line":228,"column":3}}]},"45":{"type":"branch","line":230,"loc":{"start":{"line":230,"column":28},"end":{"line":233,"column":3}},"locations":[{"start":{"line":230,"column":28},"end":{"line":233,"column":3}}]},"46":{"type":"branch","line":235,"loc":{"start":{"line":235,"column":26},"end":{"line":238,"column":3}},"locations":[{"start":{"line":235,"column":26},"end":{"line":238,"column":3}}]},"47":{"type":"branch","line":241,"loc":{"start":{"line":241,"column":29},"end":{"line":274,"column":3}},"locations":[{"start":{"line":241,"column":29},"end":{"line":274,"column":3}}]},"48":{"type":"branch","line":242,"loc":{"start":{"line":242,"column":33},"end":{"line":245,"column":3}},"locations":[{"start":{"line":242,"column":33},"end":{"line":245,"column":3}}]},"49":{"type":"branch","line":247,"loc":{"start":{"line":247,"column":50},"end":{"line":251,"column":3}},"locations":[{"start":{"line":247,"column":50},"end":{"line":251,"column":3}}]},"50":{"type":"branch","line":253,"loc":{"start":{"line":253,"column":26},"end":{"line":257,"column":3}},"locations":[{"start":{"line":253,"column":26},"end":{"line":257,"column":3}}]},"51":{"type":"branch","line":259,"loc":{"start":{"line":259,"column":25},"end":{"line":263,"column":3}},"locations":[{"start":{"line":259,"column":25},"end":{"line":263,"column":3}}]},"52":{"type":"branch","line":265,"loc":{"start":{"line":265,"column":28},"end":{"line":268,"column":3}},"locations":[{"start":{"line":265,"column":28},"end":{"line":268,"column":3}}]},"53":{"type":"branch","line":270,"loc":{"start":{"line":270,"column":26},"end":{"line":273,"column":3}},"locations":[{"start":{"line":270,"column":26},"end":{"line":273,"column":3}}]},"54":{"type":"branch","line":276,"loc":{"start":{"line":276,"column":24},"end":{"line":282,"column":3}},"locations":[{"start":{"line":276,"column":24},"end":{"line":282,"column":3}}]},"55":{"type":"branch","line":277,"loc":{"start":{"line":277,"column":37},"end":{"line":281,"column":3}},"locations":[{"start":{"line":277,"column":37},"end":{"line":281,"column":3}}]},"56":{"type":"branch","line":284,"loc":{"start":{"line":284,"column":21},"end":{"line":290,"column":3}},"locations":[{"start":{"line":284,"column":21},"end":{"line":290,"column":3}}]},"57":{"type":"branch","line":285,"loc":{"start":{"line":285,"column":26},"end":{"line":289,"column":3}},"locations":[{"start":{"line":285,"column":26},"end":{"line":289,"column":3}}]}},"b":{"0":[44],"1":[1],"2":[43],"3":[9],"4":[34],"5":[9],"6":[44],"7":[1],"8":[1],"9":[1],"10":[1],"11":[1],"12":[1],"13":[1],"14":[1],"15":[1],"16":[1],"17":[1],"18":[1],"19":[1],"20":[1],"21":[1],"22":[1],"23":[1],"24":[1],"25":[1],"26":[1],"27":[1],"28":[1],"29":[1],"30":[1],"31":[1],"32":[1],"33":[1],"34":[1],"35":[1],"36":[1],"37":[1],"38":[1],"39":[1],"40":[1],"41":[1],"42":[1],"43":[1],"44":[1],"45":[1],"46":[1],"47":[1],"48":[1],"49":[1],"50":[1],"51":[1],"52":[1],"53":[1],"54":[1],"55":[1],"56":[1],"57":[1]},"fnMap":{"0":{"name":"mockFetch","decl":{"start":{"line":4,"column":0},"end":{"line":14,"column":1}},"loc":{"start":{"line":4,"column":0},"end":{"line":14,"column":1}},"line":4}},"f":{"0":44}}
,"/app/src/api/client.ts": {"path":"/app/src/api/client.ts","all":false,"statementMap":{"13":{"start":{"line":14,"column":0},"end":{"line":14,"column":20}},"15":{"start":{"line":16,"column":0},"end":{"line":16,"column":69}},"16":{"start":{"line":17,"column":0},"end":{"line":17,"column":45}},"17":{"start":{"line":18,"column":0},"end":{"line":18,"column":70}},"18":{"start":{"line":19,"column":0},"end":{"line":19,"column":12}},"19":{"start":{"line":20,"column":0},"end":{"line":20,"column":5}},"20":{"start":{"line":21,"column":0},"end":{"line":21,"column":16}},"21":{"start":{"line":22,"column":0},"end":{"line":22,"column":75}},"22":{"start":{"line":23,"column":0},"end":{"line":23,"column":50}},"23":{"start":{"line":24,"column":0},"end":{"line":24,"column":3}},"24":{"start":{"line":25,"column":0},"end":{"line":25,"column":48}},"25":{"start":{"line":26,"column":0},"end":{"line":26,"column":20}},"26":{"start":{"line":27,"column":0},"end":{"line":27,"column":1}},"29":{"start":{"line":30,"column":0},"end":{"line":30,"column":20}},"30":{"start":{"line":31,"column":0},"end":{"line":31,"column":10}},"31":{"start":{"line":32,"column":0},"end":{"line":32,"column":46}},"32":{"start":{"line":33,"column":0},"end":{"line":33,"column":51}},"33":{"start":{"line":34,"column":0},"end":{"line":34,"column":105}},"34":{"start":{"line":35,"column":0},"end":{"line":35,"column":122}},"35":{"start":{"line":36,"column":0},"end":{"line":36,"column":76}},"36":{"start":{"line":37,"column":0},"end":{"line":37,"column":91}},"37":{"start":{"line":38,"column":0},"end":{"line":38,"column":90}},"38":{"start":{"line":39,"column":0},"end":{"line":39,"column":112}},"39":{"start":{"line":40,"column":0},"end":{"line":40,"column":84}},"40":{"start":{"line":41,"column":0},"end":{"line":41,"column":91}},"41":{"start":{"line":42,"column":0},"end":{"line":42,"column":57}},"42":{"start":{"line":43,"column":0},"end":{"line":43,"column":80}},"43":{"start":{"line":44,"column":0},"end":{"line":44,"column":76}},"44":{"start":{"line":45,"column":0},"end":{"line":45,"column":114}},"45":{"start":{"line":46,"column":0},"end":{"line":46,"column":103}},"46":{"start":{"line":47,"column":0},"end":{"line":47,"column":108}},"47":{"start":{"line":48,"column":0},"end":{"line":48,"column":72}},"48":{"start":{"line":49,"column":0},"end":{"line":49,"column":97}},"49":{"start":{"line":50,"column":0},"end":{"line":50,"column":79}},"50":{"start":{"line":51,"column":0},"end":{"line":51,"column":39}},"51":{"start":{"line":52,"column":0},"end":{"line":52,"column":52}},"52":{"start":{"line":53,"column":0},"end":{"line":53,"column":76}},"53":{"start":{"line":54,"column":0},"end":{"line":54,"column":70}},"54":{"start":{"line":55,"column":0},"end":{"line":55,"column":7}},"55":{"start":{"line":56,"column":0},"end":{"line":56,"column":56}},"56":{"start":{"line":57,"column":0},"end":{"line":57,"column":6}},"57":{"start":{"line":58,"column":0},"end":{"line":58,"column":4}},"59":{"start":{"line":60,"column":0},"end":{"line":60,"column":15}},"60":{"start":{"line":61,"column":0},"end":{"line":61,"column":48}},"61":{"start":{"line":62,"column":0},"end":{"line":62,"column":61}},"62":{"start":{"line":63,"column":0},"end":{"line":63,"column":58}},"63":{"start":{"line":64,"column":0},"end":{"line":64,"column":84}},"64":{"start":{"line":65,"column":0},"end":{"line":65,"column":71}},"65":{"start":{"line":66,"column":0},"end":{"line":66,"column":89}},"66":{"start":{"line":67,"column":0},"end":{"line":67,"column":81}},"67":{"start":{"line":68,"column":0},"end":{"line":68,"column":74}},"68":{"start":{"line":69,"column":0},"end":{"line":69,"column":113}},"69":{"start":{"line":70,"column":0},"end":{"line":70,"column":118}},"70":{"start":{"line":71,"column":0},"end":{"line":71,"column":72}},"71":{"start":{"line":72,"column":0},"end":{"line":72,"column":107}},"72":{"start":{"line":73,"column":0},"end":{"line":73,"column":4}},"74":{"start":{"line":75,"column":0},"end":{"line":75,"column":18}},"75":{"start":{"line":76,"column":0},"end":{"line":76,"column":34}},"76":{"start":{"line":77,"column":0},"end":{"line":77,"column":93}},"77":{"start":{"line":78,"column":0},"end":{"line":78,"column":86}},"78":{"start":{"line":79,"column":0},"end":{"line":79,"column":90}},"79":{"start":{"line":80,"column":0},"end":{"line":80,"column":79}},"80":{"start":{"line":81,"column":0},"end":{"line":81,"column":95}},"81":{"start":{"line":82,"column":0},"end":{"line":82,"column":85}},"82":{"start":{"line":83,"column":0},"end":{"line":83,"column":31}},"83":{"start":{"line":84,"column":0},"end":{"line":84,"column":93}},"84":{"start":{"line":85,"column":0},"end":{"line":85,"column":4}},"86":{"start":{"line":87,"column":0},"end":{"line":87,"column":9}},"87":{"start":{"line":88,"column":0},"end":{"line":88,"column":34}},"88":{"start":{"line":89,"column":0},"end":{"line":89,"column":75}},"89":{"start":{"line":90,"column":0},"end":{"line":90,"column":83}},"90":{"start":{"line":91,"column":0},"end":{"line":91,"column":72}},"91":{"start":{"line":92,"column":0},"end":{"line":92,"column":75}},"92":{"start":{"line":93,"column":0},"end":{"line":93,"column":77}},"93":{"start":{"line":94,"column":0},"end":{"line":94,"column":75}},"94":{"start":{"line":95,"column":0},"end":{"line":95,"column":31}},"95":{"start":{"line":96,"column":0},"end":{"line":96,"column":83}},"96":{"start":{"line":97,"column":0},"end":{"line":97,"column":4}},"98":{"start":{"line":99,"column":0},"end":{"line":99,"column":17}},"99":{"start":{"line":100,"column":0},"end":{"line":100,"column":34}},"100":{"start":{"line":101,"column":0},"end":{"line":101,"column":113}},"101":{"start":{"line":102,"column":0},"end":{"line":102,"column":81}},"102":{"start":{"line":103,"column":0},"end":{"line":103,"column":110}},"103":{"start":{"line":104,"column":0},"end":{"line":104,"column":52}},"104":{"start":{"line":105,"column":0},"end":{"line":105,"column":115}},"105":{"start":{"line":106,"column":0},"end":{"line":106,"column":95}},"106":{"start":{"line":107,"column":0},"end":{"line":107,"column":31}},"107":{"start":{"line":108,"column":0},"end":{"line":108,"column":103}},"108":{"start":{"line":109,"column":0},"end":{"line":109,"column":4}},"110":{"start":{"line":111,"column":0},"end":{"line":111,"column":12}},"111":{"start":{"line":112,"column":0},"end":{"line":112,"column":30}},"112":{"start":{"line":113,"column":0},"end":{"line":113,"column":34}},"113":{"start":{"line":114,"column":0},"end":{"line":114,"column":32}},"114":{"start":{"line":115,"column":0},"end":{"line":115,"column":76}},"115":{"start":{"line":116,"column":0},"end":{"line":116,"column":65}},"116":{"start":{"line":117,"column":0},"end":{"line":117,"column":6}},"117":{"start":{"line":118,"column":0},"end":{"line":118,"column":35}},"118":{"start":{"line":119,"column":0},"end":{"line":119,"column":95}},"119":{"start":{"line":120,"column":0},"end":{"line":120,"column":4}},"121":{"start":{"line":122,"column":0},"end":{"line":122,"column":9}},"122":{"start":{"line":123,"column":0},"end":{"line":123,"column":36}},"123":{"start":{"line":124,"column":0},"end":{"line":124,"column":48}},"124":{"start":{"line":125,"column":0},"end":{"line":125,"column":20}},"125":{"start":{"line":126,"column":0},"end":{"line":126,"column":79}},"126":{"start":{"line":127,"column":0},"end":{"line":127,"column":54}},"127":{"start":{"line":128,"column":0},"end":{"line":128,"column":7}},"128":{"start":{"line":129,"column":0},"end":{"line":129,"column":36}},"129":{"start":{"line":130,"column":0},"end":{"line":130,"column":44}},"130":{"start":{"line":131,"column":0},"end":{"line":131,"column":44}},"131":{"start":{"line":132,"column":0},"end":{"line":132,"column":56}},"132":{"start":{"line":133,"column":0},"end":{"line":133,"column":19}},"133":{"start":{"line":134,"column":0},"end":{"line":134,"column":54}},"134":{"start":{"line":135,"column":0},"end":{"line":135,"column":16}},"135":{"start":{"line":136,"column":0},"end":{"line":136,"column":31}},"136":{"start":{"line":137,"column":0},"end":{"line":137,"column":6}},"137":{"start":{"line":138,"column":0},"end":{"line":138,"column":33}},"138":{"start":{"line":139,"column":0},"end":{"line":139,"column":93}},"139":{"start":{"line":140,"column":0},"end":{"line":140,"column":4}},"140":{"start":{"line":141,"column":0},"end":{"line":141,"column":2}}},"s":{"13":1,"15":44,"16":44,"17":44,"18":44,"19":44,"20":44,"21":1,"22":1,"23":1,"24":44,"25":34,"26":34,"29":1,"30":1,"31":1,"32":1,"33":1,"34":1,"35":1,"36":1,"37":1,"38":1,"39":1,"40":1,"41":1,"42":1,"43":1,"44":1,"45":1,"46":1,"47":1,"48":1,"49":1,"50":2,"51":2,"52":4,"53":3,"54":4,"55":2,"56":2,"57":1,"59":1,"60":1,"61":1,"62":1,"63":1,"64":1,"65":1,"66":1,"67":1,"68":1,"69":1,"70":1,"71":1,"72":1,"74":1,"75":1,"76":2,"77":1,"78":1,"79":1,"80":1,"81":1,"82":1,"83":1,"84":1,"86":1,"87":1,"88":2,"89":1,"90":1,"91":1,"92":1,"93":1,"94":1,"95":1,"96":1,"98":1,"99":1,"100":2,"101":1,"102":1,"103":1,"104":1,"105":1,"106":1,"107":1,"108":1,"110":1,"111":1,"112":0,"113":0,"114":0,"115":0,"116":0,"117":1,"118":1,"119":1,"121":1,"122":1,"123":0,"124":0,"125":0,"126":0,"127":0,"128":0,"129":0,"130":0,"131":0,"132":0,"133":0,"134":0,"135":0,"136":0,"137":1,"138":1,"139":1,"140":1},"branchMap":{"0":{"type":"branch","line":16,"loc":{"start":{"line":16,"column":0},"end":{"line":27,"column":1}},"locations":[{"start":{"line":16,"column":0},"end":{"line":27,"column":1}}]},"1":{"type":"branch","line":18,"loc":{"start":{"line":18,"column":54},"end":{"line":18,"column":68}},"locations":[{"start":{"line":18,"column":54},"end":{"line":18,"column":68}}]},"2":{"type":"branch","line":21,"loc":{"start":{"line":21,"column":15},"end":{"line":24,"column":3}},"locations":[{"start":{"line":21,"column":15},"end":{"line":24,"column":3}}]},"3":{"type":"branch","line":23,"loc":{"start":{"line":23,"column":24},"end":{"line":23,"column":48}},"locations":[{"start":{"line":23,"column":24},"end":{"line":23,"column":48}}]},"4":{"type":"branch","line":24,"loc":{"start":{"line":24,"column":2},"end":{"line":25,"column":33}},"locations":[{"start":{"line":24,"column":2},"end":{"line":25,"column":33}}]},"5":{"type":"branch","line":25,"loc":{"start":{"line":25,"column":26},"end":{"line":25,"column":48}},"locations":[{"start":{"line":25,"column":26},"end":{"line":25,"column":48}}]},"6":{"type":"branch","line":25,"loc":{"start":{"line":25,"column":33},"end":{"line":27,"column":1}},"locations":[{"start":{"line":25,"column":33},"end":{"line":27,"column":1}}]},"7":{"type":"branch","line":32,"loc":{"start":{"line":32,"column":10},"end":{"line":32,"column":46}},"locations":[{"start":{"line":32,"column":10},"end":{"line":32,"column":46}}]},"8":{"type":"branch","line":33,"loc":{"start":{"line":33,"column":9},"end":{"line":33,"column":51}},"locations":[{"start":{"line":33,"column":9},"end":{"line":33,"column":51}}]},"9":{"type":"branch","line":34,"loc":{"start":{"line":34,"column":12},"end":{"line":34,"column":105}},"locations":[{"start":{"line":34,"column":12},"end":{"line":34,"column":105}}]},"10":{"type":"branch","line":35,"loc":{"start":{"line":35,"column":12},"end":{"line":35,"column":122}},"locations":[{"start":{"line":35,"column":12},"end":{"line":35,"column":122}}]},"11":{"type":"branch","line":36,"loc":{"start":{"line":36,"column":12},"end":{"line":36,"column":76}},"locations":[{"start":{"line":36,"column":12},"end":{"line":36,"column":76}}]},"12":{"type":"branch","line":37,"loc":{"start":{"line":37,"column":13},"end":{"line":38,"column":90}},"locations":[{"start":{"line":37,"column":13},"end":{"line":38,"column":90}}]},"13":{"type":"branch","line":39,"loc":{"start":{"line":39,"column":16},"end":{"line":39,"column":112}},"locations":[{"start":{"line":39,"column":16},"end":{"line":39,"column":112}}]},"14":{"type":"branch","line":40,"loc":{"start":{"line":40,"column":18},"end":{"line":41,"column":91}},"locations":[{"start":{"line":40,"column":18},"end":{"line":41,"column":91}}]},"15":{"type":"branch","line":42,"loc":{"start":{"line":42,"column":21},"end":{"line":43,"column":80}},"locations":[{"start":{"line":42,"column":21},"end":{"line":43,"column":80}}]},"16":{"type":"branch","line":44,"loc":{"start":{"line":44,"column":22},"end":{"line":45,"column":114}},"locations":[{"start":{"line":44,"column":22},"end":{"line":45,"column":114}}]},"17":{"type":"branch","line":46,"loc":{"start":{"line":46,"column":12},"end":{"line":46,"column":103}},"locations":[{"start":{"line":46,"column":12},"end":{"line":46,"column":103}}]},"18":{"type":"branch","line":47,"loc":{"start":{"line":47,"column":15},"end":{"line":47,"column":108}},"locations":[{"start":{"line":47,"column":15},"end":{"line":47,"column":108}}]},"19":{"type":"branch","line":48,"loc":{"start":{"line":48,"column":24},"end":{"line":49,"column":97}},"locations":[{"start":{"line":48,"column":24},"end":{"line":49,"column":97}}]},"20":{"type":"branch","line":50,"loc":{"start":{"line":50,"column":12},"end":{"line":57,"column":6}},"locations":[{"start":{"line":50,"column":12},"end":{"line":57,"column":6}}]},"21":{"type":"branch","line":52,"loc":{"start":{"line":52,"column":51},"end":{"line":55,"column":7}},"locations":[{"start":{"line":52,"column":51},"end":{"line":55,"column":7}}]},"22":{"type":"branch","line":53,"loc":{"start":{"line":53,"column":30},"end":{"line":53,"column":76}},"locations":[{"start":{"line":53,"column":30},"end":{"line":53,"column":76}}]},"23":{"type":"branch","line":53,"loc":{"start":{"line":53,"column":74},"end":{"line":54,"column":70}},"locations":[{"start":{"line":53,"column":74},"end":{"line":54,"column":70}}]},"24":{"type":"branch","line":54,"loc":{"start":{"line":54,"column":46},"end":{"line":54,"column":70}},"locations":[{"start":{"line":54,"column":46},"end":{"line":54,"column":70}}]},"25":{"type":"branch","line":53,"loc":{"start":{"line":53,"column":40},"end":{"line":53,"column":74}},"locations":[{"start":{"line":53,"column":40},"end":{"line":53,"column":74}}]},"26":{"type":"branch","line":61,"loc":{"start":{"line":61,"column":10},"end":{"line":61,"column":48}},"locations":[{"start":{"line":61,"column":10},"end":{"line":61,"column":48}}]},"27":{"type":"branch","line":62,"loc":{"start":{"line":62,"column":9},"end":{"line":62,"column":61}},"locations":[{"start":{"line":62,"column":9},"end":{"line":62,"column":61}}]},"28":{"type":"branch","line":63,"loc":{"start":{"line":63,"column":12},"end":{"line":64,"column":84}},"locations":[{"start":{"line":63,"column":12},"end":{"line":64,"column":84}}]},"29":{"type":"branch","line":65,"loc":{"start":{"line":65,"column":12},"end":{"line":66,"column":89}},"locations":[{"start":{"line":65,"column":12},"end":{"line":66,"column":89}}]},"30":{"type":"branch","line":67,"loc":{"start":{"line":67,"column":12},"end":{"line":67,"column":81}},"locations":[{"start":{"line":67,"column":12},"end":{"line":67,"column":81}}]},"31":{"type":"branch","line":68,"loc":{"start":{"line":68,"column":11},"end":{"line":68,"column":74}},"locations":[{"start":{"line":68,"column":11},"end":{"line":68,"column":74}}]},"32":{"type":"branch","line":69,"loc":{"start":{"line":69,"column":12},"end":{"line":69,"column":113}},"locations":[{"start":{"line":69,"column":12},"end":{"line":69,"column":113}}]},"33":{"type":"branch","line":70,"loc":{"start":{"line":70,"column":15},"end":{"line":70,"column":118}},"locations":[{"start":{"line":70,"column":15},"end":{"line":70,"column":118}}]},"34":{"type":"branch","line":71,"loc":{"start":{"line":71,"column":24},"end":{"line":72,"column":107}},"locations":[{"start":{"line":71,"column":24},"end":{"line":72,"column":107}}]},"35":{"type":"branch","line":76,"loc":{"start":{"line":76,"column":10},"end":{"line":77,"column":93}},"locations":[{"start":{"line":76,"column":10},"end":{"line":77,"column":93}}]},"36":{"type":"branch","line":77,"loc":{"start":{"line":77,"column":43},"end":{"line":77,"column":87}},"locations":[{"start":{"line":77,"column":43},"end":{"line":77,"column":87}}]},"37":{"type":"branch","line":77,"loc":{"start":{"line":77,"column":82},"end":{"line":77,"column":89}},"locations":[{"start":{"line":77,"column":82},"end":{"line":77,"column":89}}]},"38":{"type":"branch","line":78,"loc":{"start":{"line":78,"column":12},"end":{"line":79,"column":90}},"locations":[{"start":{"line":78,"column":12},"end":{"line":79,"column":90}}]},"39":{"type":"branch","line":80,"loc":{"start":{"line":80,"column":12},"end":{"line":81,"column":95}},"locations":[{"start":{"line":80,"column":12},"end":{"line":81,"column":95}}]},"40":{"type":"branch","line":82,"loc":{"start":{"line":82,"column":12},"end":{"line":82,"column":85}},"locations":[{"start":{"line":82,"column":12},"end":{"line":82,"column":85}}]},"41":{"type":"branch","line":83,"loc":{"start":{"line":83,"column":13},"end":{"line":84,"column":93}},"locations":[{"start":{"line":83,"column":13},"end":{"line":84,"column":93}}]},"42":{"type":"branch","line":88,"loc":{"start":{"line":88,"column":10},"end":{"line":89,"column":75}},"locations":[{"start":{"line":88,"column":10},"end":{"line":89,"column":75}}]},"43":{"type":"branch","line":89,"loc":{"start":{"line":89,"column":25},"end":{"line":89,"column":69}},"locations":[{"start":{"line":89,"column":25},"end":{"line":89,"column":69}}]},"44":{"type":"branch","line":89,"loc":{"start":{"line":89,"column":64},"end":{"line":89,"column":71}},"locations":[{"start":{"line":89,"column":64},"end":{"line":89,"column":71}}]},"45":{"type":"branch","line":90,"loc":{"start":{"line":90,"column":12},"end":{"line":91,"column":72}},"locations":[{"start":{"line":90,"column":12},"end":{"line":91,"column":72}}]},"46":{"type":"branch","line":92,"loc":{"start":{"line":92,"column":12},"end":{"line":93,"column":77}},"locations":[{"start":{"line":92,"column":12},"end":{"line":93,"column":77}}]},"47":{"type":"branch","line":94,"loc":{"start":{"line":94,"column":12},"end":{"line":94,"column":75}},"locations":[{"start":{"line":94,"column":12},"end":{"line":94,"column":75}}]},"48":{"type":"branch","line":95,"loc":{"start":{"line":95,"column":13},"end":{"line":96,"column":83}},"locations":[{"start":{"line":95,"column":13},"end":{"line":96,"column":83}}]},"49":{"type":"branch","line":100,"loc":{"start":{"line":100,"column":10},"end":{"line":101,"column":113}},"locations":[{"start":{"line":100,"column":10},"end":{"line":101,"column":113}}]},"50":{"type":"branch","line":101,"loc":{"start":{"line":101,"column":63},"end":{"line":101,"column":107}},"locations":[{"start":{"line":101,"column":63},"end":{"line":101,"column":107}}]},"51":{"type":"branch","line":101,"loc":{"start":{"line":101,"column":102},"end":{"line":101,"column":109}},"locations":[{"start":{"line":101,"column":102},"end":{"line":101,"column":109}}]},"52":{"type":"branch","line":102,"loc":{"start":{"line":102,"column":12},"end":{"line":103,"column":110}},"locations":[{"start":{"line":102,"column":12},"end":{"line":103,"column":110}}]},"53":{"type":"branch","line":104,"loc":{"start":{"line":104,"column":12},"end":{"line":105,"column":115}},"locations":[{"start":{"line":104,"column":12},"end":{"line":105,"column":115}}]},"54":{"type":"branch","line":106,"loc":{"start":{"line":106,"column":12},"end":{"line":106,"column":95}},"locations":[{"start":{"line":106,"column":12},"end":{"line":106,"column":95}}]},"55":{"type":"branch","line":107,"loc":{"start":{"line":107,"column":13},"end":{"line":108,"column":103}},"locations":[{"start":{"line":107,"column":13},"end":{"line":108,"column":103}}]},"56":{"type":"branch","line":118,"loc":{"start":{"line":118,"column":13},"end":{"line":119,"column":95}},"locations":[{"start":{"line":118,"column":13},"end":{"line":119,"column":95}}]},"57":{"type":"branch","line":138,"loc":{"start":{"line":138,"column":12},"end":{"line":139,"column":93}},"locations":[{"start":{"line":138,"column":12},"end":{"line":139,"column":93}}]}},"b":{"0":[44],"1":[31],"2":[1],"3":[0],"4":[43],"5":[9],"6":[34],"7":[1],"8":[1],"9":[1],"10":[1],"11":[1],"12":[1],"13":[1],"14":[1],"15":[1],"16":[1],"17":[1],"18":[1],"19":[1],"20":[2],"21":[4],"22":[1],"23":[3],"24":[2],"25":[2],"26":[1],"27":[1],"28":[1],"29":[1],"30":[1],"31":[1],"32":[1],"33":[1],"34":[1],"35":[2],"36":[1],"37":[1],"38":[1],"39":[1],"40":[1],"41":[1],"42":[2],"43":[1],"44":[1],"45":[1],"46":[1],"47":[1],"48":[1],"49":[2],"50":[1],"51":[1],"52":[1],"53":[1],"54":[1],"55":[1],"56":[1],"57":[1]},"fnMap":{"0":{"name":"req","decl":{"start":{"line":16,"column":0},"end":{"line":27,"column":1}},"loc":{"start":{"line":16,"column":0},"end":{"line":27,"column":1}},"line":16},"1":{"name":"list","decl":{"start":{"line":32,"column":10},"end":{"line":32,"column":46}},"loc":{"start":{"line":32,"column":10},"end":{"line":32,"column":46}},"line":32},"2":{"name":"get","decl":{"start":{"line":33,"column":9},"end":{"line":33,"column":51}},"loc":{"start":{"line":33,"column":9},"end":{"line":33,"column":51}},"line":33},"3":{"name":"create","decl":{"start":{"line":34,"column":12},"end":{"line":34,"column":105}},"loc":{"start":{"line":34,"column":12},"end":{"line":34,"column":105}},"line":34},"4":{"name":"update","decl":{"start":{"line":35,"column":12},"end":{"line":35,"column":122}},"loc":{"start":{"line":35,"column":12},"end":{"line":35,"column":122}},"line":35},"5":{"name":"delete","decl":{"start":{"line":36,"column":12},"end":{"line":36,"column":76}},"loc":{"start":{"line":36,"column":12},"end":{"line":36,"column":76}},"line":36},"6":{"name":"addFile","decl":{"start":{"line":37,"column":13},"end":{"line":38,"column":90}},"loc":{"start":{"line":37,"column":13},"end":{"line":38,"column":90}},"line":37},"7":{"name":"removeFile","decl":{"start":{"line":39,"column":16},"end":{"line":39,"column":112}},"loc":{"start":{"line":39,"column":16},"end":{"line":39,"column":112}},"line":39},"8":{"name":"addPerformer","decl":{"start":{"line":40,"column":18},"end":{"line":41,"column":91}},"loc":{"start":{"line":40,"column":18},"end":{"line":41,"column":91}},"line":40},"9":{"name":"removePerformer","decl":{"start":{"line":42,"column":21},"end":{"line":43,"column":80}},"loc":{"start":{"line":42,"column":21},"end":{"line":43,"column":80}},"line":42},"10":{"name":"setMainPerformer","decl":{"start":{"line":44,"column":22},"end":{"line":45,"column":114}},"loc":{"start":{"line":44,"column":22},"end":{"line":45,"column":114}},"line":44},"11":{"name":"addTag","decl":{"start":{"line":46,"column":12},"end":{"line":46,"column":103}},"loc":{"start":{"line":46,"column":12},"end":{"line":46,"column":103}},"line":46},"12":{"name":"removeTag","decl":{"start":{"line":47,"column":15},"end":{"line":47,"column":108}},"loc":{"start":{"line":47,"column":15},"end":{"line":47,"column":108}},"line":47},"13":{"name":"updateCustomFields","decl":{"start":{"line":48,"column":24},"end":{"line":49,"column":97}},"loc":{"start":{"line":48,"column":24},"end":{"line":49,"column":97}},"line":48},"14":{"name":"search","decl":{"start":{"line":50,"column":12},"end":{"line":57,"column":6}},"loc":{"start":{"line":50,"column":12},"end":{"line":57,"column":6}},"line":50},"15":{"name":"list","decl":{"start":{"line":61,"column":10},"end":{"line":61,"column":48}},"loc":{"start":{"line":61,"column":10},"end":{"line":61,"column":48}},"line":61},"16":{"name":"get","decl":{"start":{"line":62,"column":9},"end":{"line":62,"column":61}},"loc":{"start":{"line":62,"column":9},"end":{"line":62,"column":61}},"line":62},"17":{"name":"create","decl":{"start":{"line":63,"column":12},"end":{"line":64,"column":84}},"loc":{"start":{"line":63,"column":12},"end":{"line":64,"column":84}},"line":63},"18":{"name":"update","decl":{"start":{"line":65,"column":12},"end":{"line":66,"column":89}},"loc":{"start":{"line":65,"column":12},"end":{"line":66,"column":89}},"line":65},"19":{"name":"delete","decl":{"start":{"line":67,"column":12},"end":{"line":67,"column":81}},"loc":{"start":{"line":67,"column":12},"end":{"line":67,"column":81}},"line":67},"20":{"name":"works","decl":{"start":{"line":68,"column":11},"end":{"line":68,"column":74}},"loc":{"start":{"line":68,"column":11},"end":{"line":68,"column":74}},"line":68},"21":{"name":"addTag","decl":{"start":{"line":69,"column":12},"end":{"line":69,"column":113}},"loc":{"start":{"line":69,"column":12},"end":{"line":69,"column":113}},"line":69},"22":{"name":"removeTag","decl":{"start":{"line":70,"column":15},"end":{"line":70,"column":118}},"loc":{"start":{"line":70,"column":15},"end":{"line":70,"column":118}},"line":70},"23":{"name":"updateCustomFields","decl":{"start":{"line":71,"column":24},"end":{"line":72,"column":107}},"loc":{"start":{"line":71,"column":24},"end":{"line":72,"column":107}},"line":71},"24":{"name":"list","decl":{"start":{"line":76,"column":10},"end":{"line":77,"column":93}},"loc":{"start":{"line":76,"column":10},"end":{"line":77,"column":93}},"line":76},"25":{"name":"create","decl":{"start":{"line":78,"column":12},"end":{"line":79,"column":90}},"loc":{"start":{"line":78,"column":12},"end":{"line":79,"column":90}},"line":78},"26":{"name":"update","decl":{"start":{"line":80,"column":12},"end":{"line":81,"column":95}},"loc":{"start":{"line":80,"column":12},"end":{"line":81,"column":95}},"line":80},"27":{"name":"delete","decl":{"start":{"line":82,"column":12},"end":{"line":82,"column":85}},"loc":{"start":{"line":82,"column":12},"end":{"line":82,"column":85}},"line":82},"28":{"name":"reorder","decl":{"start":{"line":83,"column":13},"end":{"line":84,"column":93}},"loc":{"start":{"line":83,"column":13},"end":{"line":84,"column":93}},"line":83},"29":{"name":"list","decl":{"start":{"line":88,"column":10},"end":{"line":89,"column":75}},"loc":{"start":{"line":88,"column":10},"end":{"line":89,"column":75}},"line":88},"30":{"name":"create","decl":{"start":{"line":90,"column":12},"end":{"line":91,"column":72}},"loc":{"start":{"line":90,"column":12},"end":{"line":91,"column":72}},"line":90},"31":{"name":"update","decl":{"start":{"line":92,"column":12},"end":{"line":93,"column":77}},"loc":{"start":{"line":92,"column":12},"end":{"line":93,"column":77}},"line":92},"32":{"name":"delete","decl":{"start":{"line":94,"column":12},"end":{"line":94,"column":75}},"loc":{"start":{"line":94,"column":12},"end":{"line":94,"column":75}},"line":94},"33":{"name":"reorder","decl":{"start":{"line":95,"column":13},"end":{"line":96,"column":83}},"loc":{"start":{"line":95,"column":13},"end":{"line":96,"column":83}},"line":95},"34":{"name":"list","decl":{"start":{"line":100,"column":10},"end":{"line":101,"column":113}},"loc":{"start":{"line":100,"column":10},"end":{"line":101,"column":113}},"line":100},"35":{"name":"create","decl":{"start":{"line":102,"column":12},"end":{"line":103,"column":110}},"loc":{"start":{"line":102,"column":12},"end":{"line":103,"column":110}},"line":102},"36":{"name":"update","decl":{"start":{"line":104,"column":12},"end":{"line":105,"column":115}},"loc":{"start":{"line":104,"column":12},"end":{"line":105,"column":115}},"line":104},"37":{"name":"delete","decl":{"start":{"line":106,"column":12},"end":{"line":106,"column":95}},"loc":{"start":{"line":106,"column":12},"end":{"line":106,"column":95}},"line":106},"38":{"name":"reorder","decl":{"start":{"line":107,"column":13},"end":{"line":108,"column":103}},"loc":{"start":{"line":107,"column":13},"end":{"line":108,"column":103}},"line":107},"39":{"name":"preview","decl":{"start":{"line":112,"column":13},"end":{"line":117,"column":6}},"loc":{"start":{"line":112,"column":13},"end":{"line":117,"column":6}},"line":112},"40":{"name":"execute","decl":{"start":{"line":118,"column":13},"end":{"line":119,"column":95}},"loc":{"start":{"line":118,"column":13},"end":{"line":119,"column":95}},"line":118},"41":{"name":"exportAndDownload","decl":{"start":{"line":123,"column":23},"end":{"line":137,"column":6}},"loc":{"start":{"line":123,"column":23},"end":{"line":137,"column":6}},"line":123},"42":{"name":"import","decl":{"start":{"line":138,"column":12},"end":{"line":139,"column":93}},"loc":{"start":{"line":138,"column":12},"end":{"line":139,"column":93}},"line":138}},"f":{"0":44,"1":1,"2":1,"3":1,"4":1,"5":1,"6":1,"7":1,"8":1,"9":1,"10":1,"11":1,"12":1,"13":1,"14":2,"15":1,"16":1,"17":1,"18":1,"19":1,"20":1,"21":1,"22":1,"23":1,"24":2,"25":1,"26":1,"27":1,"28":1,"29":2,"30":1,"31":1,"32":1,"33":1,"34":2,"35":1,"36":1,"37":1,"38":1,"39":0,"40":1,"41":0,"42":1}}
}
